2025-02-28 12:14:13,789 - ghi_ast_main - INFO - Starting GHI forecasting application at 2025-02-28 12:14:13.789649
2025-02-28 12:14:13,791 - ghi_ast_main - INFO - Configuring Metal for GPU acceleration
2025-02-28 12:14:13,791 - ghi_ast_main - INFO - Metal device configured for acceleration
2025-02-28 12:14:13,792 - ghi_ast_main - INFO - Loaded configuration from config/stable_config.json
2025-02-28 12:14:13,792 - ghi_ast_main - INFO - Starting model training workflow
2025-02-28 12:14:13,792 - ghi_ast_main - INFO - Preparing datasets
2025-02-28 12:14:13,793 - NASAPowerDataProcessor - INFO - Loading existing data from data/raw/Bengaluru.json
2025-02-28 12:14:14,226 - NASAPowerDataProcessor - WARNING - Parameter ALLSKY_TOA_SW_DWN not found in stored JSON
2025-02-28 12:14:14,600 - NASAPowerDataProcessor - INFO - Processed data saved to data/raw/Bengaluru.csv
2025-02-28 12:14:14,600 - NASAPowerDataProcessor - INFO - Successfully loaded 26304 data points from local file
2025-02-28 12:14:14,604 - NASAPowerDataProcessor - INFO - Preprocessing data...
2025-02-28 12:14:14,609 - NASAPowerDataProcessor - INFO - Found missing values: ALLSKY_TOA_SW_DWN    26304
dtype: int64
2025-02-28 12:14:14,609 - NASAPowerDataProcessor - INFO - Generating synthetic ALLSKY_TOA_SW_DWN values
2025-02-28 12:14:14,615 - NASAPowerDataProcessor - INFO - Created synthetic ALLSKY_TOA_SW_DWN based on ALLSKY_SFC_SW_DWN
2025-02-28 12:14:14,635 - NASAPowerDataProcessor - INFO - Found 21 outliers in T2M
2025-02-28 12:14:14,640 - NASAPowerDataProcessor - INFO - Found 10 outliers in PS
2025-02-28 12:14:14,644 - NASAPowerDataProcessor - INFO - Found 305 outliers in WS2M
2025-02-28 12:14:14,648 - NASAPowerDataProcessor - INFO - Engineering features...
2025-02-28 12:14:14,714 - NASAPowerDataProcessor - INFO - Combined dataset shape: (26304, 31)
2025-02-28 12:14:14,715 - NASAPowerDataProcessor - INFO - Date range: 2020-03-01 00:00:00 to 2023-03-01 23:00:00
2025-02-28 12:14:14,715 - NASAPowerDataProcessor - INFO - Normalizing features...
2025-02-28 12:14:14,759 - NASAPowerDataProcessor - INFO - Creating training sequences...
2025-02-28 12:14:18,176 - NASAPowerDataProcessor - INFO - Created 1519 sequences
2025-02-28 12:14:18,177 - NASAPowerDataProcessor - INFO - Creating training sequences...
2025-02-28 12:14:18,917 - NASAPowerDataProcessor - INFO - Created 313 sequences
2025-02-28 12:14:18,917 - NASAPowerDataProcessor - INFO - Creating training sequences...
2025-02-28 12:14:19,603 - NASAPowerDataProcessor - INFO - Created 313 sequences
2025-02-28 12:14:19,799 - ghi_ast_main - INFO - Initializing forecaster
2025-02-28 12:14:19,799 - ghi_forecasting - INFO - Using MPS (Metal) device for training as configured by main
2025-02-28 12:14:20,033 - ghi_forecasting - INFO - Generator and Discriminator initialized successfully
2025-02-28 12:14:20,033 - ghi_forecasting - INFO - Generator input shape: batch × 168 × 31
2025-02-28 12:14:20,033 - ghi_forecasting - INFO - Discriminator input shape: batch × 24
2025-02-28 12:14:20,037 - ghi_ast_main - INFO - Starting training
2025-02-28 12:14:20,037 - ghi_forecasting - INFO - Starting training for 30 epochs with improved curriculum strategy
2025-02-28 12:14:20,038 - ghi_forecasting - INFO - Stage 1: Generator pre-training with regression losses only
2025-02-28 12:14:32,645 - ghi_forecasting - INFO - Pre-training Epoch 1, Step 0: mse_loss: 1.3228 - l1_loss: 0.9820 - grad_loss: 0.6298 - total_loss: 1.5507
2025-02-28 12:14:50,018 - ghi_forecasting - INFO - Pre-training Epoch 1, Step 20: mse_loss: 1.0722 - l1_loss: 0.8883 - grad_loss: 0.5237 - total_loss: 1.2760
2025-02-28 12:15:05,945 - ghi_forecasting - INFO - Pre-training Epoch 1, Step 40: mse_loss: 1.0272 - l1_loss: 0.8677 - grad_loss: 0.4866 - total_loss: 1.2250
2025-02-28 12:15:21,255 - ghi_forecasting - INFO - Pre-training Epoch 1, Step 60: mse_loss: 0.8241 - l1_loss: 0.7505 - grad_loss: 0.4796 - total_loss: 0.9982
2025-02-28 12:15:37,396 - ghi_forecasting - INFO - Pre-training Epoch 1, Step 80: mse_loss: 0.6798 - l1_loss: 0.6842 - grad_loss: 0.4767 - total_loss: 0.8404
2025-02-28 12:16:13,459 - ghi_forecasting - INFO - Pre-training Epoch 1/20 - 113.42s - mse_loss: 1.0641 - val_mse: 0.9269 - val_mae: 0.7159
2025-02-28 12:16:14,552 - ghi_forecasting - INFO - Pre-training Epoch 2, Step 0: mse_loss: 0.5918 - l1_loss: 0.6139 - grad_loss: 0.5147 - total_loss: 0.7403
2025-02-28 12:16:32,213 - ghi_forecasting - INFO - Pre-training Epoch 2, Step 20: mse_loss: 0.5797 - l1_loss: 0.6056 - grad_loss: 0.4971 - total_loss: 0.7256
2025-02-28 12:16:48,553 - ghi_forecasting - INFO - Pre-training Epoch 2, Step 40: mse_loss: 0.3962 - l1_loss: 0.4975 - grad_loss: 0.4844 - total_loss: 0.5199
2025-02-28 12:17:04,819 - ghi_forecasting - INFO - Pre-training Epoch 2, Step 60: mse_loss: 0.3369 - l1_loss: 0.4706 - grad_loss: 0.4588 - total_loss: 0.4540
2025-02-28 12:17:21,073 - ghi_forecasting - INFO - Pre-training Epoch 2, Step 80: mse_loss: 0.2596 - l1_loss: 0.3933 - grad_loss: 0.4370 - total_loss: 0.3601
2025-02-28 12:18:05,046 - ghi_forecasting - INFO - Pre-training Epoch 2/20 - 111.28s - mse_loss: 0.3952 - val_mse: 0.5535 - val_mae: 0.6117
2025-02-28 12:18:07,266 - ghi_forecasting - INFO - Pre-training Epoch 3, Step 0: mse_loss: 0.2351 - l1_loss: 0.3956 - grad_loss: 0.4236 - total_loss: 0.3354
2025-02-28 12:18:41,187 - ghi_forecasting - INFO - Pre-training Epoch 3, Step 20: mse_loss: 0.2463 - l1_loss: 0.3949 - grad_loss: 0.3712 - total_loss: 0.3438
2025-02-28 12:19:12,501 - ghi_forecasting - INFO - Pre-training Epoch 3, Step 40: mse_loss: 0.1659 - l1_loss: 0.3297 - grad_loss: 0.3329 - total_loss: 0.2485
2025-02-28 12:19:41,386 - ghi_forecasting - INFO - Pre-training Epoch 3, Step 60: mse_loss: 0.1843 - l1_loss: 0.3442 - grad_loss: 0.3641 - total_loss: 0.2713
2025-02-28 12:20:14,624 - ghi_forecasting - INFO - Pre-training Epoch 3, Step 80: mse_loss: 0.1813 - l1_loss: 0.3424 - grad_loss: 0.3406 - total_loss: 0.2669
2025-02-28 12:22:27,973 - ghi_forecasting - INFO - Pre-training Epoch 3/20 - 262.47s - mse_loss: 0.2014 - val_mse: 0.5270 - val_mae: 0.5240
2025-02-28 12:22:31,648 - ghi_forecasting - INFO - Pre-training Epoch 4, Step 0: mse_loss: 0.1538 - l1_loss: 0.3072 - grad_loss: 0.2851 - total_loss: 0.2295
2025-02-28 12:23:21,372 - ghi_forecasting - INFO - Pre-training Epoch 4, Step 20: mse_loss: 0.1292 - l1_loss: 0.2897 - grad_loss: 0.2926 - total_loss: 0.2018
2025-02-28 12:24:10,413 - ghi_forecasting - INFO - Pre-training Epoch 4, Step 40: mse_loss: 0.1184 - l1_loss: 0.2579 - grad_loss: 0.3064 - total_loss: 0.1853
2025-02-28 12:25:06,144 - ghi_forecasting - INFO - Pre-training Epoch 4, Step 60: mse_loss: 0.1064 - l1_loss: 0.2541 - grad_loss: 0.2668 - total_loss: 0.1706
2025-02-28 12:26:05,482 - ghi_forecasting - INFO - Pre-training Epoch 4, Step 80: mse_loss: 0.1088 - l1_loss: 0.2560 - grad_loss: 0.2649 - total_loss: 0.1732
2025-02-28 12:27:48,728 - ghi_forecasting - INFO - Pre-training Epoch 4/20 - 319.88s - mse_loss: 0.1285 - val_mse: 0.4963 - val_mae: 0.5512
2025-02-28 12:27:50,919 - ghi_forecasting - INFO - Pre-training Epoch 5, Step 0: mse_loss: 0.1080 - l1_loss: 0.2557 - grad_loss: 0.2854 - total_loss: 0.1734
2025-02-28 12:28:23,527 - ghi_forecasting - INFO - Pre-training Epoch 5, Step 20: mse_loss: 0.0897 - l1_loss: 0.2312 - grad_loss: 0.2288 - total_loss: 0.1474
2025-02-28 12:29:02,429 - ghi_forecasting - INFO - Pre-training Epoch 5, Step 40: mse_loss: 0.0993 - l1_loss: 0.2425 - grad_loss: 0.2384 - total_loss: 0.1597
2025-02-28 12:29:44,744 - ghi_forecasting - INFO - Pre-training Epoch 5, Step 60: mse_loss: 0.0833 - l1_loss: 0.2155 - grad_loss: 0.2351 - total_loss: 0.1381
2025-02-28 12:30:30,448 - ghi_forecasting - INFO - Pre-training Epoch 5, Step 80: mse_loss: 0.0794 - l1_loss: 0.2172 - grad_loss: 0.2200 - total_loss: 0.1338
2025-02-28 12:31:50,491 - ghi_forecasting - INFO - Pre-training Epoch 5/20 - 241.29s - mse_loss: 0.0922 - val_mse: 0.5137 - val_mae: 0.5068
2025-02-28 12:31:52,480 - ghi_forecasting - INFO - Pre-training Epoch 6, Step 0: mse_loss: 0.0911 - l1_loss: 0.2318 - grad_loss: 0.2395 - total_loss: 0.1494
2025-02-28 12:32:23,274 - ghi_forecasting - INFO - Pre-training Epoch 6, Step 20: mse_loss: 0.0637 - l1_loss: 0.2008 - grad_loss: 0.2225 - total_loss: 0.1149
2025-02-28 12:32:59,832 - ghi_forecasting - INFO - Pre-training Epoch 6, Step 40: mse_loss: 0.0815 - l1_loss: 0.2132 - grad_loss: 0.2103 - total_loss: 0.1346
2025-02-28 12:33:40,364 - ghi_forecasting - INFO - Pre-training Epoch 6, Step 60: mse_loss: 0.0700 - l1_loss: 0.1910 - grad_loss: 0.1929 - total_loss: 0.1178
2025-02-28 12:34:22,307 - ghi_forecasting - INFO - Pre-training Epoch 6, Step 80: mse_loss: 0.0507 - l1_loss: 0.1786 - grad_loss: 0.2175 - total_loss: 0.0973
2025-02-28 12:35:39,121 - ghi_forecasting - INFO - Pre-training Epoch 6/20 - 228.16s - mse_loss: 0.0746 - val_mse: 0.5265 - val_mae: 0.5119
2025-02-28 12:35:41,108 - ghi_forecasting - INFO - Pre-training Epoch 7, Step 0: mse_loss: 0.0502 - l1_loss: 0.1707 - grad_loss: 0.1855 - total_loss: 0.0937
2025-02-28 12:36:10,917 - ghi_forecasting - INFO - Pre-training Epoch 7, Step 20: mse_loss: 0.0620 - l1_loss: 0.1876 - grad_loss: 0.1949 - total_loss: 0.1093
2025-02-28 12:36:45,146 - ghi_forecasting - INFO - Pre-training Epoch 7, Step 40: mse_loss: 0.0713 - l1_loss: 0.1910 - grad_loss: 0.1992 - total_loss: 0.1195
2025-02-28 12:37:24,805 - ghi_forecasting - INFO - Pre-training Epoch 7, Step 60: mse_loss: 0.0583 - l1_loss: 0.1765 - grad_loss: 0.1748 - total_loss: 0.1023
2025-02-28 12:38:07,320 - ghi_forecasting - INFO - Pre-training Epoch 7, Step 80: mse_loss: 0.0552 - l1_loss: 0.1760 - grad_loss: 0.1876 - total_loss: 0.0998
2025-02-28 12:39:26,629 - ghi_forecasting - INFO - Pre-training Epoch 7/20 - 227.06s - mse_loss: 0.0611 - val_mse: 0.4855 - val_mae: 0.5256
2025-02-28 12:39:28,675 - ghi_forecasting - INFO - Pre-training Epoch 8, Step 0: mse_loss: 0.0727 - l1_loss: 0.1892 - grad_loss: 0.1964 - total_loss: 0.1203
2025-02-28 12:39:58,162 - ghi_forecasting - INFO - Pre-training Epoch 8, Step 20: mse_loss: 0.0442 - l1_loss: 0.1617 - grad_loss: 0.1838 - total_loss: 0.0857
2025-02-28 12:40:31,355 - ghi_forecasting - INFO - Pre-training Epoch 8, Step 40: mse_loss: 0.0666 - l1_loss: 0.1770 - grad_loss: 0.2029 - total_loss: 0.1121
2025-02-28 12:41:08,697 - ghi_forecasting - INFO - Pre-training Epoch 8, Step 60: mse_loss: 0.0737 - l1_loss: 0.1959 - grad_loss: 0.2019 - total_loss: 0.1229
2025-02-28 12:41:48,166 - ghi_forecasting - INFO - Pre-training Epoch 8, Step 80: mse_loss: 0.0494 - l1_loss: 0.1612 - grad_loss: 0.1668 - total_loss: 0.0900
2025-02-28 12:43:05,104 - ghi_forecasting - INFO - Pre-training Epoch 8/20 - 218.01s - mse_loss: 0.0547 - val_mse: 0.5351 - val_mae: 0.5018
2025-02-28 12:43:07,122 - ghi_forecasting - INFO - Pre-training Epoch 9, Step 0: mse_loss: 0.0463 - l1_loss: 0.1586 - grad_loss: 0.1719 - total_loss: 0.0866
2025-02-28 12:43:37,120 - ghi_forecasting - INFO - Pre-training Epoch 9, Step 20: mse_loss: 0.0502 - l1_loss: 0.1644 - grad_loss: 0.1651 - total_loss: 0.0913
2025-02-28 12:44:10,598 - ghi_forecasting - INFO - Pre-training Epoch 9, Step 40: mse_loss: 0.0434 - l1_loss: 0.1612 - grad_loss: 0.1634 - total_loss: 0.0838
2025-02-28 12:44:48,145 - ghi_forecasting - INFO - Pre-training Epoch 9, Step 60: mse_loss: 0.0507 - l1_loss: 0.1682 - grad_loss: 0.1651 - total_loss: 0.0926
2025-02-28 12:45:27,744 - ghi_forecasting - INFO - Pre-training Epoch 9, Step 80: mse_loss: 0.0417 - l1_loss: 0.1467 - grad_loss: 0.1648 - total_loss: 0.0793
2025-02-28 12:47:06,878 - ghi_forecasting - INFO - Pre-training Epoch 9/20 - 241.29s - mse_loss: 0.0494 - val_mse: 0.4800 - val_mae: 0.5116
2025-02-28 12:47:16,911 - ghi_forecasting - INFO - Pre-training Epoch 10, Step 0: mse_loss: 0.0473 - l1_loss: 0.1508 - grad_loss: 0.1603 - total_loss: 0.0855
2025-02-28 12:49:49,992 - ghi_forecasting - INFO - Pre-training Epoch 10, Step 20: mse_loss: 0.0482 - l1_loss: 0.1629 - grad_loss: 0.1753 - total_loss: 0.0895
2025-02-28 12:52:41,870 - ghi_forecasting - INFO - Pre-training Epoch 10, Step 40: mse_loss: 0.0507 - l1_loss: 0.1554 - grad_loss: 0.1729 - total_loss: 0.0904
2025-02-28 12:54:16,773 - ghi_forecasting - INFO - Pre-training Epoch 10, Step 60: mse_loss: 0.0474 - l1_loss: 0.1558 - grad_loss: 0.1660 - total_loss: 0.0869
2025-02-28 12:55:16,735 - ghi_forecasting - INFO - Pre-training Epoch 10, Step 80: mse_loss: 0.0421 - l1_loss: 0.1486 - grad_loss: 0.1589 - total_loss: 0.0797
2025-02-28 12:57:01,107 - ghi_forecasting - INFO - Pre-training Epoch 10/20 - 592.01s - mse_loss: 0.0441 - val_mse: 0.5099 - val_mae: 0.4914
2025-02-28 12:57:03,917 - ghi_forecasting - INFO - Pre-training Epoch 11, Step 0: mse_loss: 0.0385 - l1_loss: 0.1486 - grad_loss: 0.1590 - total_loss: 0.0762
2025-02-28 12:57:45,682 - ghi_forecasting - INFO - Pre-training Epoch 11, Step 20: mse_loss: 0.0381 - l1_loss: 0.1439 - grad_loss: 0.1675 - total_loss: 0.0753
2025-02-28 12:58:27,222 - ghi_forecasting - INFO - Pre-training Epoch 11, Step 40: mse_loss: 0.0380 - l1_loss: 0.1392 - grad_loss: 0.1463 - total_loss: 0.0732
2025-02-28 12:59:06,534 - ghi_forecasting - INFO - Pre-training Epoch 11, Step 60: mse_loss: 0.0438 - l1_loss: 0.1533 - grad_loss: 0.1581 - total_loss: 0.0824
2025-02-28 12:59:46,090 - ghi_forecasting - INFO - Pre-training Epoch 11, Step 80: mse_loss: 0.0435 - l1_loss: 0.1502 - grad_loss: 0.1698 - total_loss: 0.0820
2025-02-28 13:00:55,309 - ghi_forecasting - INFO - Pre-training Epoch 11/20 - 233.62s - mse_loss: 0.0402 - val_mse: 0.4880 - val_mae: 0.5170
2025-02-28 13:00:57,098 - ghi_forecasting - INFO - Pre-training Epoch 12, Step 0: mse_loss: 0.0349 - l1_loss: 0.1343 - grad_loss: 0.1475 - total_loss: 0.0691
2025-02-28 13:01:24,528 - ghi_forecasting - INFO - Pre-training Epoch 12, Step 20: mse_loss: 0.0421 - l1_loss: 0.1518 - grad_loss: 0.1538 - total_loss: 0.0802
2025-02-28 13:01:54,980 - ghi_forecasting - INFO - Pre-training Epoch 12, Step 40: mse_loss: 0.0540 - l1_loss: 0.1595 - grad_loss: 0.1471 - total_loss: 0.0932
2025-02-28 13:02:38,696 - ghi_forecasting - INFO - Pre-training Epoch 12, Step 60: mse_loss: 0.0397 - l1_loss: 0.1379 - grad_loss: 0.1433 - total_loss: 0.0744
2025-02-28 13:03:38,478 - ghi_forecasting - INFO - Pre-training Epoch 12, Step 80: mse_loss: 0.0346 - l1_loss: 0.1374 - grad_loss: 0.1500 - total_loss: 0.0696
2025-02-28 13:05:36,695 - ghi_forecasting - INFO - Pre-training Epoch 12/20 - 280.98s - mse_loss: 0.0375 - val_mse: 0.4827 - val_mae: 0.5039
2025-02-28 13:05:39,429 - ghi_forecasting - INFO - Pre-training Epoch 13, Step 0: mse_loss: 0.0323 - l1_loss: 0.1377 - grad_loss: 0.1383 - total_loss: 0.0667
2025-02-28 13:06:22,399 - ghi_forecasting - INFO - Pre-training Epoch 13, Step 20: mse_loss: 0.0303 - l1_loss: 0.1246 - grad_loss: 0.1422 - total_loss: 0.0623
2025-02-28 13:07:16,040 - ghi_forecasting - INFO - Pre-training Epoch 13, Step 40: mse_loss: 0.0337 - l1_loss: 0.1349 - grad_loss: 0.1456 - total_loss: 0.0679
2025-02-28 13:08:09,696 - ghi_forecasting - INFO - Pre-training Epoch 13, Step 60: mse_loss: 0.0416 - l1_loss: 0.1404 - grad_loss: 0.1462 - total_loss: 0.0770
2025-02-28 13:09:06,138 - ghi_forecasting - INFO - Pre-training Epoch 13, Step 80: mse_loss: 0.0349 - l1_loss: 0.1307 - grad_loss: 0.1518 - total_loss: 0.0687
2025-02-28 13:10:57,089 - ghi_forecasting - INFO - Pre-training Epoch 13/20 - 319.80s - mse_loss: 0.0355 - val_mse: 0.4884 - val_mae: 0.5093
2025-02-28 13:10:59,828 - ghi_forecasting - INFO - Pre-training Epoch 14, Step 0: mse_loss: 0.0378 - l1_loss: 0.1433 - grad_loss: 0.1401 - total_loss: 0.0735
2025-02-28 13:11:44,287 - ghi_forecasting - INFO - Pre-training Epoch 14, Step 20: mse_loss: 0.0347 - l1_loss: 0.1280 - grad_loss: 0.1467 - total_loss: 0.0676
2025-02-28 13:12:45,361 - ghi_forecasting - INFO - Pre-training Epoch 14, Step 40: mse_loss: 0.0279 - l1_loss: 0.1255 - grad_loss: 0.1371 - total_loss: 0.0599
2025-02-28 13:13:58,914 - ghi_forecasting - INFO - Pre-training Epoch 14, Step 60: mse_loss: 0.0256 - l1_loss: 0.1202 - grad_loss: 0.1425 - total_loss: 0.0567
2025-02-28 13:15:05,488 - ghi_forecasting - INFO - Pre-training Epoch 14, Step 80: mse_loss: 0.0397 - l1_loss: 0.1375 - grad_loss: 0.1294 - total_loss: 0.0737
2025-02-28 13:16:56,906 - ghi_forecasting - INFO - Pre-training Epoch 14/20 - 359.25s - mse_loss: 0.0328 - val_mse: 0.4640 - val_mae: 0.5002
2025-02-28 13:16:59,784 - ghi_forecasting - INFO - Pre-training Epoch 15, Step 0: mse_loss: 0.0303 - l1_loss: 0.1290 - grad_loss: 0.1279 - total_loss: 0.0625
2025-02-28 13:17:47,243 - ghi_forecasting - INFO - Pre-training Epoch 15, Step 20: mse_loss: 0.0326 - l1_loss: 0.1324 - grad_loss: 0.1352 - total_loss: 0.0659
2025-02-28 13:18:49,394 - ghi_forecasting - INFO - Pre-training Epoch 15, Step 40: mse_loss: 0.0252 - l1_loss: 0.1191 - grad_loss: 0.1158 - total_loss: 0.0548
2025-02-28 13:20:02,049 - ghi_forecasting - INFO - Pre-training Epoch 15, Step 60: mse_loss: 0.0279 - l1_loss: 0.1227 - grad_loss: 0.1373 - total_loss: 0.0593
2025-02-28 13:21:04,160 - ghi_forecasting - INFO - Pre-training Epoch 15, Step 80: mse_loss: 0.0348 - l1_loss: 0.1301 - grad_loss: 0.1460 - total_loss: 0.0682
2025-02-28 13:22:55,670 - ghi_forecasting - INFO - Pre-training Epoch 15/20 - 358.14s - mse_loss: 0.0308 - val_mse: 0.4667 - val_mae: 0.4966
2025-02-28 13:22:58,905 - ghi_forecasting - INFO - Pre-training Epoch 16, Step 0: mse_loss: 0.0311 - l1_loss: 0.1302 - grad_loss: 0.1394 - total_loss: 0.0641
2025-02-28 13:23:47,472 - ghi_forecasting - INFO - Pre-training Epoch 16, Step 20: mse_loss: 0.0263 - l1_loss: 0.1209 - grad_loss: 0.1383 - total_loss: 0.0574
2025-02-28 13:24:53,199 - ghi_forecasting - INFO - Pre-training Epoch 16, Step 40: mse_loss: 0.0299 - l1_loss: 0.1224 - grad_loss: 0.1239 - total_loss: 0.0606
2025-02-28 13:26:06,271 - ghi_forecasting - INFO - Pre-training Epoch 16, Step 60: mse_loss: 0.0343 - l1_loss: 0.1280 - grad_loss: 0.1180 - total_loss: 0.0658
2025-02-28 13:27:10,604 - ghi_forecasting - INFO - Pre-training Epoch 16, Step 80: mse_loss: 0.0304 - l1_loss: 0.1240 - grad_loss: 0.1321 - total_loss: 0.0618
2025-02-28 13:29:03,897 - ghi_forecasting - INFO - Pre-training Epoch 16/20 - 367.49s - mse_loss: 0.0291 - val_mse: 0.4692 - val_mae: 0.4983
2025-02-28 13:29:06,870 - ghi_forecasting - INFO - Pre-training Epoch 17, Step 0: mse_loss: 0.0292 - l1_loss: 0.1182 - grad_loss: 0.1310 - total_loss: 0.0594
2025-02-28 13:29:55,866 - ghi_forecasting - INFO - Pre-training Epoch 17, Step 20: mse_loss: 0.0279 - l1_loss: 0.1192 - grad_loss: 0.1316 - total_loss: 0.0583
2025-02-28 13:31:02,309 - ghi_forecasting - INFO - Pre-training Epoch 17, Step 40: mse_loss: 0.0318 - l1_loss: 0.1241 - grad_loss: 0.1291 - total_loss: 0.0631
2025-02-28 13:32:15,763 - ghi_forecasting - INFO - Pre-training Epoch 17, Step 60: mse_loss: 0.0268 - l1_loss: 0.1136 - grad_loss: 0.1235 - total_loss: 0.0557
2025-02-28 13:33:24,587 - ghi_forecasting - INFO - Pre-training Epoch 17, Step 80: mse_loss: 0.0271 - l1_loss: 0.1202 - grad_loss: 0.1330 - total_loss: 0.0578
2025-02-28 13:35:17,947 - ghi_forecasting - INFO - Pre-training Epoch 17/20 - 373.42s - mse_loss: 0.0281 - val_mse: 0.4586 - val_mae: 0.4935
2025-02-28 13:35:21,225 - ghi_forecasting - INFO - Pre-training Epoch 18, Step 0: mse_loss: 0.0327 - l1_loss: 0.1267 - grad_loss: 0.1243 - total_loss: 0.0643
2025-02-28 13:36:08,403 - ghi_forecasting - INFO - Pre-training Epoch 18, Step 20: mse_loss: 0.0417 - l1_loss: 0.1418 - grad_loss: 0.1370 - total_loss: 0.0769
2025-02-28 13:37:09,966 - ghi_forecasting - INFO - Pre-training Epoch 18, Step 40: mse_loss: 0.0281 - l1_loss: 0.1184 - grad_loss: 0.1285 - total_loss: 0.0582
2025-02-28 13:38:19,809 - ghi_forecasting - INFO - Pre-training Epoch 18, Step 60: mse_loss: 0.0263 - l1_loss: 0.1137 - grad_loss: 0.1296 - total_loss: 0.0556
2025-02-28 13:39:31,410 - ghi_forecasting - INFO - Pre-training Epoch 18, Step 80: mse_loss: 0.0253 - l1_loss: 0.1147 - grad_loss: 0.1165 - total_loss: 0.0541
2025-02-28 13:41:25,590 - ghi_forecasting - INFO - Pre-training Epoch 18/20 - 366.72s - mse_loss: 0.0276 - val_mse: 0.4683 - val_mae: 0.4728
2025-02-28 13:41:28,553 - ghi_forecasting - INFO - Pre-training Epoch 19, Step 0: mse_loss: 0.0252 - l1_loss: 0.1147 - grad_loss: 0.1275 - total_loss: 0.0545
2025-02-28 13:42:16,087 - ghi_forecasting - INFO - Pre-training Epoch 19, Step 20: mse_loss: 0.0356 - l1_loss: 0.1306 - grad_loss: 0.1176 - total_loss: 0.0676
2025-02-28 13:43:18,343 - ghi_forecasting - INFO - Pre-training Epoch 19, Step 40: mse_loss: 0.0285 - l1_loss: 0.1210 - grad_loss: 0.1240 - total_loss: 0.0589
2025-02-28 13:44:31,289 - ghi_forecasting - INFO - Pre-training Epoch 19, Step 60: mse_loss: 0.0213 - l1_loss: 0.1024 - grad_loss: 0.1062 - total_loss: 0.0471
2025-02-28 13:45:39,969 - ghi_forecasting - INFO - Pre-training Epoch 19, Step 80: mse_loss: 0.0236 - l1_loss: 0.1118 - grad_loss: 0.1221 - total_loss: 0.0521
2025-02-28 13:47:33,913 - ghi_forecasting - INFO - Pre-training Epoch 19/20 - 367.66s - mse_loss: 0.0262 - val_mse: 0.4359 - val_mae: 0.4810
2025-02-28 13:47:36,698 - ghi_forecasting - INFO - Pre-training Epoch 20, Step 0: mse_loss: 0.0252 - l1_loss: 0.1133 - grad_loss: 0.1352 - total_loss: 0.0546
2025-02-28 13:48:22,530 - ghi_forecasting - INFO - Pre-training Epoch 20, Step 20: mse_loss: 0.0236 - l1_loss: 0.1068 - grad_loss: 0.1167 - total_loss: 0.0508
2025-02-28 13:49:25,005 - ghi_forecasting - INFO - Pre-training Epoch 20, Step 40: mse_loss: 0.0295 - l1_loss: 0.1203 - grad_loss: 0.1198 - total_loss: 0.0595
2025-02-28 13:50:37,816 - ghi_forecasting - INFO - Pre-training Epoch 20, Step 60: mse_loss: 0.0223 - l1_loss: 0.1099 - grad_loss: 0.1162 - total_loss: 0.0501
2025-02-28 13:51:47,492 - ghi_forecasting - INFO - Pre-training Epoch 20, Step 80: mse_loss: 0.0222 - l1_loss: 0.1079 - grad_loss: 0.1264 - total_loss: 0.0501
2025-02-28 13:53:42,595 - ghi_forecasting - INFO - Pre-training Epoch 20/20 - 368.06s - mse_loss: 0.0250 - val_mse: 0.4394 - val_mae: 0.4778
2025-02-28 13:53:43,194 - ghi_forecasting - INFO - Stage 2: Discriminator pre-training
2025-02-28 13:53:43,194 - ghi_forecasting - INFO - Starting discriminator pre-training for 5 epochs
2025-02-28 13:54:00,927 - ghi_forecasting - INFO - Disc Pre-training Epoch 1, Step 0: disc_loss: 1.3996 - disc_accuracy: 0.4062 - real_accuracy: 0.7500 - fake_accuracy: 0.0625
2025-02-28 13:54:13,845 - ghi_forecasting - INFO - Disc Pre-training Epoch 1, Step 20: disc_loss: 1.3841 - disc_accuracy: 0.5000 - real_accuracy: 0.0625 - fake_accuracy: 0.9375
2025-02-28 13:54:26,536 - ghi_forecasting - INFO - Disc Pre-training Epoch 1, Step 40: disc_loss: 1.3866 - disc_accuracy: 0.5000 - real_accuracy: 0.0000 - fake_accuracy: 1.0000
2025-02-28 13:54:40,843 - ghi_forecasting - INFO - Disc Pre-training Epoch 1, Step 60: disc_loss: 1.3801 - disc_accuracy: 0.5000 - real_accuracy: 0.0000 - fake_accuracy: 1.0000
2025-02-28 13:54:56,246 - ghi_forecasting - INFO - Disc Pre-training Epoch 1, Step 80: disc_loss: 1.3684 - disc_accuracy: 0.5000 - real_accuracy: 0.0000 - fake_accuracy: 1.0000
2025-02-28 13:55:20,429 - ghi_forecasting - INFO - Disc Pre-training Epoch 1/5 - 97.23s - disc_loss: 1.3785 - disc_accuracy: 0.5020
2025-02-28 13:55:22,776 - ghi_forecasting - INFO - Disc Pre-training Epoch 2, Step 0: disc_loss: 1.3744 - disc_accuracy: 0.5000 - real_accuracy: 0.0000 - fake_accuracy: 1.0000
2025-02-28 13:55:41,375 - ghi_forecasting - INFO - Disc Pre-training Epoch 2, Step 20: disc_loss: 1.3763 - disc_accuracy: 0.5000 - real_accuracy: 0.0000 - fake_accuracy: 1.0000
2025-02-28 13:56:00,123 - ghi_forecasting - INFO - Disc Pre-training Epoch 2, Step 40: disc_loss: 1.3741 - disc_accuracy: 0.5000 - real_accuracy: 0.0000 - fake_accuracy: 1.0000
2025-02-28 13:56:20,255 - ghi_forecasting - INFO - Disc Pre-training Epoch 2, Step 60: disc_loss: 1.3754 - disc_accuracy: 0.5000 - real_accuracy: 0.0000 - fake_accuracy: 1.0000
2025-02-28 13:56:41,992 - ghi_forecasting - INFO - Disc Pre-training Epoch 2, Step 80: disc_loss: 1.3754 - disc_accuracy: 0.5000 - real_accuracy: 0.0000 - fake_accuracy: 1.0000
2025-02-28 13:56:57,788 - ghi_forecasting - INFO - Disc Pre-training Epoch 2/5 - 95.92s - disc_loss: 1.3741 - disc_accuracy: 0.5000
2025-02-28 13:57:00,133 - ghi_forecasting - INFO - Disc Pre-training Epoch 3, Step 0: disc_loss: 1.3685 - disc_accuracy: 0.5000 - real_accuracy: 0.0000 - fake_accuracy: 1.0000
2025-02-28 13:57:22,742 - ghi_forecasting - INFO - Disc Pre-training Epoch 3, Step 20: disc_loss: 1.3764 - disc_accuracy: 0.5000 - real_accuracy: 0.0000 - fake_accuracy: 1.0000
2025-02-28 13:57:45,287 - ghi_forecasting - INFO - Disc Pre-training Epoch 3, Step 40: disc_loss: 1.3707 - disc_accuracy: 0.5000 - real_accuracy: 0.0000 - fake_accuracy: 1.0000
2025-02-28 13:58:08,174 - ghi_forecasting - INFO - Disc Pre-training Epoch 3, Step 60: disc_loss: 1.3640 - disc_accuracy: 0.5000 - real_accuracy: 0.0000 - fake_accuracy: 1.0000
2025-02-28 13:58:30,278 - ghi_forecasting - INFO - Disc Pre-training Epoch 3, Step 80: disc_loss: 1.3752 - disc_accuracy: 0.5000 - real_accuracy: 0.0000 - fake_accuracy: 1.0000
2025-02-28 13:58:46,174 - ghi_forecasting - INFO - Disc Pre-training Epoch 3/5 - 107.20s - disc_loss: 1.3726 - disc_accuracy: 0.5000
2025-02-28 13:58:48,443 - ghi_forecasting - INFO - Disc Pre-training Epoch 4, Step 0: disc_loss: 1.3683 - disc_accuracy: 0.5000 - real_accuracy: 0.0000 - fake_accuracy: 1.0000
2025-02-28 13:59:10,877 - ghi_forecasting - INFO - Disc Pre-training Epoch 4, Step 20: disc_loss: 1.3712 - disc_accuracy: 0.5000 - real_accuracy: 0.0000 - fake_accuracy: 1.0000
2025-02-28 13:59:33,087 - ghi_forecasting - INFO - Disc Pre-training Epoch 4, Step 40: disc_loss: 1.3650 - disc_accuracy: 0.5000 - real_accuracy: 0.0000 - fake_accuracy: 1.0000
2025-02-28 13:59:55,406 - ghi_forecasting - INFO - Disc Pre-training Epoch 4, Step 60: disc_loss: 1.3728 - disc_accuracy: 0.5000 - real_accuracy: 0.0000 - fake_accuracy: 1.0000
2025-02-28 14:00:17,747 - ghi_forecasting - INFO - Disc Pre-training Epoch 4, Step 80: disc_loss: 1.3620 - disc_accuracy: 0.5000 - real_accuracy: 0.0000 - fake_accuracy: 1.0000
2025-02-28 14:00:33,435 - ghi_forecasting - INFO - Disc Pre-training Epoch 4/5 - 106.26s - disc_loss: 1.3702 - disc_accuracy: 0.5000
2025-02-28 14:00:35,689 - ghi_forecasting - INFO - Disc Pre-training Epoch 5, Step 0: disc_loss: 1.3637 - disc_accuracy: 0.5000 - real_accuracy: 0.0000 - fake_accuracy: 1.0000
2025-02-28 14:00:57,706 - ghi_forecasting - INFO - Disc Pre-training Epoch 5, Step 20: disc_loss: 1.3623 - disc_accuracy: 0.5000 - real_accuracy: 0.0000 - fake_accuracy: 1.0000
2025-02-28 14:01:20,635 - ghi_forecasting - INFO - Disc Pre-training Epoch 5, Step 40: disc_loss: 1.3620 - disc_accuracy: 0.5000 - real_accuracy: 0.0000 - fake_accuracy: 1.0000
2025-02-28 14:01:43,503 - ghi_forecasting - INFO - Disc Pre-training Epoch 5, Step 60: disc_loss: 1.3630 - disc_accuracy: 0.5000 - real_accuracy: 0.0000 - fake_accuracy: 1.0000
2025-02-28 14:02:05,857 - ghi_forecasting - INFO - Disc Pre-training Epoch 5, Step 80: disc_loss: 1.3579 - disc_accuracy: 0.5000 - real_accuracy: 0.0000 - fake_accuracy: 1.0000
2025-02-28 14:02:21,599 - ghi_forecasting - INFO - Disc Pre-training Epoch 5/5 - 107.11s - disc_loss: 1.3655 - disc_accuracy: 0.5000
2025-02-28 14:02:22,707 - ghi_forecasting - INFO - Stage 3: Full adversarial training with curriculum strategy
2025-02-28 14:03:06,085 - ghi_forecasting - INFO - Adversarial Epoch 1, Step 0: gen_loss: 0.1387 - mse_loss: 0.0272 - adv_loss: 0.8014 - disc_accuracy: 0.5000
2025-02-28 14:03:56,712 - ghi_forecasting - INFO - Adversarial Epoch 1, Step 20: gen_loss: 0.1357 - mse_loss: 0.0261 - adv_loss: 0.7883 - disc_accuracy: 0.5000
2025-02-28 14:05:23,201 - ghi_forecasting - INFO - Adversarial Epoch 1, Step 40: gen_loss: 0.1411 - mse_loss: 0.0314 - adv_loss: 0.7928 - disc_accuracy: 0.5000
2025-02-28 14:07:00,513 - ghi_forecasting - INFO - Adversarial Epoch 1, Step 60: gen_loss: 0.1431 - mse_loss: 0.0310 - adv_loss: 0.7952 - disc_accuracy: 0.5000
2025-02-28 14:08:25,298 - ghi_forecasting - INFO - Adversarial Epoch 1, Step 80: gen_loss: 0.1523 - mse_loss: 0.0392 - adv_loss: 0.7946 - disc_accuracy: 0.5000
2025-02-28 14:10:41,336 - ghi_forecasting - INFO - Adversarial Epoch 1/30 - 498.63s - gen_loss: 0.1450 - disc_loss: 1.3655 - disc_accuracy: 0.5003 - val_mse: 0.4598 - val_mae: 0.4681
2025-02-28 14:10:43,857 - ghi_forecasting - INFO - Adversarial Epoch 2, Step 0: gen_loss: 0.1380 - mse_loss: 0.0251 - adv_loss: 0.8285 - disc_accuracy: 0.4688
2025-02-28 14:11:22,899 - ghi_forecasting - INFO - Adversarial Epoch 2, Step 20: gen_loss: 0.1352 - mse_loss: 0.0248 - adv_loss: 0.8227 - disc_accuracy: 0.5000
2025-02-28 14:12:08,779 - ghi_forecasting - INFO - Adversarial Epoch 2, Step 40: gen_loss: 0.1280 - mse_loss: 0.0215 - adv_loss: 0.7859 - disc_accuracy: 0.5000
2025-02-28 14:12:52,353 - ghi_forecasting - INFO - Adversarial Epoch 2, Step 60: gen_loss: 0.1344 - mse_loss: 0.0262 - adv_loss: 0.7838 - disc_accuracy: 0.5000
2025-02-28 14:13:29,112 - ghi_forecasting - INFO - Adversarial Epoch 2, Step 80: gen_loss: 0.1306 - mse_loss: 0.0229 - adv_loss: 0.7886 - disc_accuracy: 0.5000
2025-02-28 14:14:34,400 - ghi_forecasting - INFO - Adversarial Epoch 2/30 - 232.21s - gen_loss: 0.1402 - disc_loss: 1.3634 - disc_accuracy: 0.4997 - val_mse: 0.4471 - val_mae: 0.4617
2025-02-28 14:14:36,836 - ghi_forecasting - INFO - Adversarial Epoch 3, Step 0: gen_loss: 0.1310 - mse_loss: 0.0207 - adv_loss: 0.8337 - disc_accuracy: 0.5000
2025-02-28 14:15:06,373 - ghi_forecasting - INFO - Adversarial Epoch 3, Step 20: gen_loss: 0.1346 - mse_loss: 0.0233 - adv_loss: 0.8282 - disc_accuracy: 0.5000
2025-02-28 14:15:41,354 - ghi_forecasting - INFO - Adversarial Epoch 3, Step 40: gen_loss: 0.1389 - mse_loss: 0.0286 - adv_loss: 0.8165 - disc_accuracy: 0.5000
2025-02-28 14:16:23,419 - ghi_forecasting - INFO - Adversarial Epoch 3, Step 60: gen_loss: 0.1313 - mse_loss: 0.0243 - adv_loss: 0.7964 - disc_accuracy: 0.5000
2025-02-28 14:17:09,790 - ghi_forecasting - INFO - Adversarial Epoch 3, Step 80: gen_loss: 0.1313 - mse_loss: 0.0248 - adv_loss: 0.7703 - disc_accuracy: 0.5312
2025-02-28 14:18:35,137 - ghi_forecasting - INFO - Adversarial Epoch 3/30 - 239.80s - gen_loss: 0.1345 - disc_loss: 1.3562 - disc_accuracy: 0.4997 - val_mse: 0.4354 - val_mae: 0.4517
2025-02-28 14:18:37,828 - ghi_forecasting - INFO - Adversarial Epoch 4, Step 0: gen_loss: 0.1347 - mse_loss: 0.0252 - adv_loss: 0.8215 - disc_accuracy: 0.5000
2025-02-28 14:19:12,940 - ghi_forecasting - INFO - Adversarial Epoch 4, Step 20: gen_loss: 0.1329 - mse_loss: 0.0259 - adv_loss: 0.7947 - disc_accuracy: 0.5000
2025-02-28 14:19:57,148 - ghi_forecasting - INFO - Adversarial Epoch 4, Step 40: gen_loss: 0.1269 - mse_loss: 0.0207 - adv_loss: 0.7822 - disc_accuracy: 0.5000
2025-02-28 14:20:50,291 - ghi_forecasting - INFO - Adversarial Epoch 4, Step 60: gen_loss: 0.1413 - mse_loss: 0.0309 - adv_loss: 0.7934 - disc_accuracy: 0.5000
2025-02-28 14:21:48,681 - ghi_forecasting - INFO - Adversarial Epoch 4, Step 80: gen_loss: 0.1203 - mse_loss: 0.0172 - adv_loss: 0.7744 - disc_accuracy: 0.5000
2025-02-28 14:23:39,019 - ghi_forecasting - INFO - Adversarial Epoch 4/30 - 302.97s - gen_loss: 0.1320 - disc_loss: 1.3504 - disc_accuracy: 0.5023 - val_mse: 0.4324 - val_mae: 0.4481
2025-02-28 14:23:43,025 - ghi_forecasting - INFO - Adversarial Epoch 5, Step 0: gen_loss: 0.1375 - mse_loss: 0.0283 - adv_loss: 0.8146 - disc_accuracy: 0.5312
2025-02-28 14:24:28,759 - ghi_forecasting - INFO - Adversarial Epoch 5, Step 20: gen_loss: 0.1300 - mse_loss: 0.0204 - adv_loss: 0.8340 - disc_accuracy: 0.5000
2025-02-28 14:25:25,702 - ghi_forecasting - INFO - Adversarial Epoch 5, Step 40: gen_loss: 0.1322 - mse_loss: 0.0248 - adv_loss: 0.7904 - disc_accuracy: 0.4688
2025-02-28 14:26:29,155 - ghi_forecasting - INFO - Adversarial Epoch 5, Step 60: gen_loss: 0.1338 - mse_loss: 0.0262 - adv_loss: 0.7785 - disc_accuracy: 0.5000
2025-02-28 14:27:40,193 - ghi_forecasting - INFO - Adversarial Epoch 5, Step 80: gen_loss: 0.1306 - mse_loss: 0.0234 - adv_loss: 0.7882 - disc_accuracy: 0.5000
2025-02-28 14:29:22,493 - ghi_forecasting - INFO - Adversarial Epoch 5/30 - 341.79s - gen_loss: 0.1293 - disc_loss: 1.3439 - disc_accuracy: 0.5059 - val_mse: 0.4121 - val_mae: 0.4358
2025-02-28 14:29:25,499 - ghi_forecasting - INFO - Adversarial Epoch 6, Step 0: gen_loss: 0.1282 - mse_loss: 0.0208 - adv_loss: 0.8107 - disc_accuracy: 0.5000
2025-02-28 14:30:07,394 - ghi_forecasting - INFO - Adversarial Epoch 6, Step 20: gen_loss: 0.1293 - mse_loss: 0.0244 - adv_loss: 0.7909 - disc_accuracy: 0.5312
2025-02-28 14:30:56,831 - ghi_forecasting - INFO - Adversarial Epoch 6, Step 40: gen_loss: 0.1341 - mse_loss: 0.0270 - adv_loss: 0.7995 - disc_accuracy: 0.5000
2025-02-28 14:31:54,996 - ghi_forecasting - INFO - Adversarial Epoch 6, Step 60: gen_loss: 0.1301 - mse_loss: 0.0218 - adv_loss: 0.8322 - disc_accuracy: 0.5000
2025-02-28 14:33:05,694 - ghi_forecasting - INFO - Adversarial Epoch 6, Step 80: gen_loss: 0.1311 - mse_loss: 0.0220 - adv_loss: 0.8335 - disc_accuracy: 0.5312
2025-02-28 14:34:39,884 - ghi_forecasting - INFO - Adversarial Epoch 6/30 - 316.36s - gen_loss: 0.1272 - disc_loss: 1.3335 - disc_accuracy: 0.5197 - val_mse: 0.3975 - val_mae: 0.4551
2025-02-28 14:34:43,212 - ghi_forecasting - INFO - Adversarial Epoch 7, Step 0: gen_loss: 0.1219 - mse_loss: 0.0174 - adv_loss: 0.7936 - disc_accuracy: 0.5000
2025-02-28 14:35:23,240 - ghi_forecasting - INFO - Adversarial Epoch 7, Step 20: gen_loss: 0.1246 - mse_loss: 0.0224 - adv_loss: 0.7545 - disc_accuracy: 0.5000
2025-02-28 14:36:09,855 - ghi_forecasting - INFO - Adversarial Epoch 7, Step 40: gen_loss: 0.1237 - mse_loss: 0.0224 - adv_loss: 0.7352 - disc_accuracy: 0.4688
2025-02-28 14:36:58,938 - ghi_forecasting - INFO - Adversarial Epoch 7, Step 60: gen_loss: 0.1278 - mse_loss: 0.0243 - adv_loss: 0.7563 - disc_accuracy: 0.5000
2025-02-28 14:37:47,545 - ghi_forecasting - INFO - Adversarial Epoch 7, Step 80: gen_loss: 0.1227 - mse_loss: 0.0206 - adv_loss: 0.7562 - disc_accuracy: 0.5312
2025-02-28 14:39:06,926 - ghi_forecasting - INFO - Adversarial Epoch 7/30 - 265.79s - gen_loss: 0.1244 - disc_loss: 1.3228 - disc_accuracy: 0.5457 - val_mse: 0.4088 - val_mae: 0.4432
2025-02-28 14:39:09,031 - ghi_forecasting - INFO - Adversarial Epoch 8, Step 0: gen_loss: 0.1257 - mse_loss: 0.0187 - adv_loss: 0.8291 - disc_accuracy: 0.5000
2025-02-28 14:39:43,817 - ghi_forecasting - INFO - Adversarial Epoch 8, Step 20: gen_loss: 0.1224 - mse_loss: 0.0165 - adv_loss: 0.8269 - disc_accuracy: 0.5625
2025-02-28 14:40:29,618 - ghi_forecasting - INFO - Adversarial Epoch 8, Step 40: gen_loss: 0.1361 - mse_loss: 0.0286 - adv_loss: 0.8078 - disc_accuracy: 0.6562
2025-02-28 14:41:21,375 - ghi_forecasting - INFO - Adversarial Epoch 8, Step 60: gen_loss: 0.1201 - mse_loss: 0.0206 - adv_loss: 0.7194 - disc_accuracy: 0.5938
2025-02-28 14:42:11,973 - ghi_forecasting - INFO - Adversarial Epoch 8, Step 80: gen_loss: 0.1146 - mse_loss: 0.0157 - adv_loss: 0.7377 - disc_accuracy: 0.5938
2025-02-28 14:43:37,546 - ghi_forecasting - INFO - Adversarial Epoch 8/30 - 270.19s - gen_loss: 0.1224 - disc_loss: 1.3098 - disc_accuracy: 0.5754 - val_mse: 0.3919 - val_mae: 0.4375
2025-02-28 14:43:40,304 - ghi_forecasting - INFO - Adversarial Epoch 9, Step 0: gen_loss: 0.1211 - mse_loss: 0.0168 - adv_loss: 0.8256 - disc_accuracy: 0.5312
2025-02-28 14:44:16,973 - ghi_forecasting - INFO - Adversarial Epoch 9, Step 20: gen_loss: 0.1102 - mse_loss: 0.0161 - adv_loss: 0.7300 - disc_accuracy: 0.6250
2025-02-28 14:45:03,315 - ghi_forecasting - INFO - Adversarial Epoch 9, Step 40: gen_loss: 0.1187 - mse_loss: 0.0155 - adv_loss: 0.8182 - disc_accuracy: 0.4375
2025-02-28 14:45:55,268 - ghi_forecasting - INFO - Adversarial Epoch 9, Step 60: gen_loss: 0.1170 - mse_loss: 0.0185 - adv_loss: 0.7629 - disc_accuracy: 0.6875
2025-02-28 14:46:50,902 - ghi_forecasting - INFO - Adversarial Epoch 9, Step 80: gen_loss: 0.1241 - mse_loss: 0.0189 - adv_loss: 0.8204 - disc_accuracy: 0.6562
2025-02-28 14:48:28,610 - ghi_forecasting - INFO - Adversarial Epoch 9/30 - 289.99s - gen_loss: 0.1184 - disc_loss: 1.2965 - disc_accuracy: 0.5981 - val_mse: 0.3935 - val_mae: 0.4622
2025-02-28 14:48:31,435 - ghi_forecasting - INFO - Adversarial Epoch 10, Step 0: gen_loss: 0.1181 - mse_loss: 0.0165 - adv_loss: 0.7676 - disc_accuracy: 0.6562
2025-02-28 14:49:13,342 - ghi_forecasting - INFO - Adversarial Epoch 10, Step 20: gen_loss: 0.1180 - mse_loss: 0.0190 - adv_loss: 0.7394 - disc_accuracy: 0.5312
2025-02-28 14:50:06,738 - ghi_forecasting - INFO - Adversarial Epoch 10, Step 40: gen_loss: 0.1224 - mse_loss: 0.0171 - adv_loss: 0.8287 - disc_accuracy: 0.6875
2025-02-28 14:51:14,045 - ghi_forecasting - INFO - Adversarial Epoch 10, Step 60: gen_loss: 0.1131 - mse_loss: 0.0155 - adv_loss: 0.7580 - disc_accuracy: 0.6562
2025-02-28 14:52:26,448 - ghi_forecasting - INFO - Adversarial Epoch 10, Step 80: gen_loss: 0.1104 - mse_loss: 0.0171 - adv_loss: 0.7102 - disc_accuracy: 0.5625
2025-02-28 14:54:26,842 - ghi_forecasting - INFO - Adversarial Epoch 10/30 - 357.55s - gen_loss: 0.1168 - disc_loss: 1.2932 - disc_accuracy: 0.6050 - val_mse: 0.4016 - val_mae: 0.4668
2025-02-28 14:54:29,705 - ghi_forecasting - INFO - Adversarial Epoch 11, Step 0: gen_loss: 0.1163 - mse_loss: 0.0193 - adv_loss: 0.7044 - disc_accuracy: 0.6250
2025-02-28 14:55:15,782 - ghi_forecasting - INFO - Adversarial Epoch 11, Step 20: gen_loss: 0.1121 - mse_loss: 0.0174 - adv_loss: 0.6943 - disc_accuracy: 0.5312
2025-02-28 14:56:16,724 - ghi_forecasting - INFO - Adversarial Epoch 11, Step 40: gen_loss: 0.1058 - mse_loss: 0.0142 - adv_loss: 0.6718 - disc_accuracy: 0.5938
2025-02-28 14:57:08,670 - ghi_forecasting - INFO - Adversarial Epoch 11, Step 60: gen_loss: 0.1190 - mse_loss: 0.0204 - adv_loss: 0.7228 - disc_accuracy: 0.6875
2025-02-28 14:57:46,220 - ghi_forecasting - INFO - Adversarial Epoch 11, Step 80: gen_loss: 0.1180 - mse_loss: 0.0215 - adv_loss: 0.7035 - disc_accuracy: 0.6562
2025-02-28 14:58:40,765 - ghi_forecasting - INFO - Adversarial Epoch 11/30 - 253.32s - gen_loss: 0.1148 - disc_loss: 1.2924 - disc_accuracy: 0.6095 - val_mse: 0.4159 - val_mae: 0.4457
2025-02-28 14:58:42,271 - ghi_forecasting - INFO - Adversarial Epoch 12, Step 0: gen_loss: 0.1161 - mse_loss: 0.0208 - adv_loss: 0.7137 - disc_accuracy: 0.5938
2025-02-28 14:59:05,103 - ghi_forecasting - INFO - Adversarial Epoch 12, Step 20: gen_loss: 0.1148 - mse_loss: 0.0192 - adv_loss: 0.6875 - disc_accuracy: 0.4375
2025-02-28 14:59:29,215 - ghi_forecasting - INFO - Adversarial Epoch 12, Step 40: gen_loss: 0.1088 - mse_loss: 0.0160 - adv_loss: 0.6852 - disc_accuracy: 0.5938
2025-02-28 14:59:54,818 - ghi_forecasting - INFO - Adversarial Epoch 12, Step 60: gen_loss: 0.1110 - mse_loss: 0.0177 - adv_loss: 0.6827 - disc_accuracy: 0.5625
2025-02-28 15:00:20,371 - ghi_forecasting - INFO - Adversarial Epoch 12, Step 80: gen_loss: 0.1119 - mse_loss: 0.0215 - adv_loss: 0.6305 - disc_accuracy: 0.5625
2025-02-28 15:01:16,774 - ghi_forecasting - INFO - Adversarial Epoch 12/30 - 155.61s - gen_loss: 0.1126 - disc_loss: 1.2895 - disc_accuracy: 0.6208 - val_mse: 0.4172 - val_mae: 0.4527
2025-02-28 15:01:18,904 - ghi_forecasting - INFO - Adversarial Epoch 13, Step 0: gen_loss: 0.1136 - mse_loss: 0.0166 - adv_loss: 0.7598 - disc_accuracy: 0.7188
2025-02-28 15:02:25,629 - ghi_forecasting - INFO - Adversarial Epoch 13, Step 20: gen_loss: 0.1123 - mse_loss: 0.0175 - adv_loss: 0.7148 - disc_accuracy: 0.6875
2025-02-28 15:04:09,847 - ghi_forecasting - INFO - Adversarial Epoch 13, Step 40: gen_loss: 0.1018 - mse_loss: 0.0100 - adv_loss: 0.7455 - disc_accuracy: 0.5938
2025-02-28 15:05:48,726 - ghi_forecasting - INFO - Adversarial Epoch 13, Step 60: gen_loss: 0.1228 - mse_loss: 0.0224 - adv_loss: 0.7415 - disc_accuracy: 0.6562
2025-02-28 15:06:50,202 - ghi_forecasting - INFO - Adversarial Epoch 13, Step 80: gen_loss: 0.1083 - mse_loss: 0.0204 - adv_loss: 0.6150 - disc_accuracy: 0.6562
2025-02-28 15:08:14,548 - ghi_forecasting - INFO - Adversarial Epoch 13/30 - 417.27s - gen_loss: 0.1107 - disc_loss: 1.2905 - disc_accuracy: 0.6218 - val_mse: 0.4115 - val_mae: 0.4452
2025-02-28 15:08:17,358 - ghi_forecasting - INFO - Adversarial Epoch 14, Step 0: gen_loss: 0.1269 - mse_loss: 0.0182 - adv_loss: 0.8614 - disc_accuracy: 0.5312
2025-02-28 15:09:01,782 - ghi_forecasting - INFO - Adversarial Epoch 14, Step 20: gen_loss: 0.1060 - mse_loss: 0.0140 - adv_loss: 0.7167 - disc_accuracy: 0.6250
2025-02-28 15:10:01,355 - ghi_forecasting - INFO - Adversarial Epoch 14, Step 40: gen_loss: 0.1103 - mse_loss: 0.0159 - adv_loss: 0.7376 - disc_accuracy: 0.7812
2025-02-28 15:11:12,113 - ghi_forecasting - INFO - Adversarial Epoch 14, Step 60: gen_loss: 0.0991 - mse_loss: 0.0139 - adv_loss: 0.6514 - disc_accuracy: 0.5312
2025-02-28 15:12:20,912 - ghi_forecasting - INFO - Adversarial Epoch 14, Step 80: gen_loss: 0.1076 - mse_loss: 0.0129 - adv_loss: 0.7535 - disc_accuracy: 0.6562
2025-02-28 15:14:08,226 - ghi_forecasting - INFO - Adversarial Epoch 14/30 - 352.98s - gen_loss: 0.1090 - disc_loss: 1.2999 - disc_accuracy: 0.6057 - val_mse: 0.4216 - val_mae: 0.4582
2025-02-28 15:14:10,832 - ghi_forecasting - INFO - Adversarial Epoch 15, Step 0: gen_loss: 0.1119 - mse_loss: 0.0202 - adv_loss: 0.6804 - disc_accuracy: 0.5625
2025-02-28 15:14:48,354 - ghi_forecasting - INFO - Adversarial Epoch 15, Step 20: gen_loss: 0.1015 - mse_loss: 0.0144 - adv_loss: 0.6736 - disc_accuracy: 0.6250
2025-02-28 15:15:29,074 - ghi_forecasting - INFO - Adversarial Epoch 15, Step 40: gen_loss: 0.1043 - mse_loss: 0.0133 - adv_loss: 0.7118 - disc_accuracy: 0.5000
2025-02-28 15:16:28,157 - ghi_forecasting - INFO - Adversarial Epoch 15, Step 60: gen_loss: 0.1068 - mse_loss: 0.0120 - adv_loss: 0.7602 - disc_accuracy: 0.6250
2025-02-28 15:17:38,065 - ghi_forecasting - INFO - Adversarial Epoch 15, Step 80: gen_loss: 0.1058 - mse_loss: 0.0178 - adv_loss: 0.6477 - disc_accuracy: 0.6562
2025-02-28 15:19:35,356 - ghi_forecasting - INFO - Adversarial Epoch 15/30 - 326.50s - gen_loss: 0.1065 - disc_loss: 1.2914 - disc_accuracy: 0.6281 - val_mse: 0.4134 - val_mae: 0.4519
2025-02-28 15:19:38,390 - ghi_forecasting - INFO - Adversarial Epoch 16, Step 0: gen_loss: 0.1021 - mse_loss: 0.0110 - adv_loss: 0.7281 - disc_accuracy: 0.5625
2025-02-28 15:20:27,405 - ghi_forecasting - INFO - Adversarial Epoch 16, Step 20: gen_loss: 0.1136 - mse_loss: 0.0224 - adv_loss: 0.6803 - disc_accuracy: 0.6250
2025-02-28 15:21:39,074 - ghi_forecasting - INFO - Adversarial Epoch 16, Step 40: gen_loss: 0.0963 - mse_loss: 0.0099 - adv_loss: 0.6860 - disc_accuracy: 0.5938
2025-02-28 15:22:55,622 - ghi_forecasting - INFO - Adversarial Epoch 16, Step 60: gen_loss: 0.0996 - mse_loss: 0.0156 - adv_loss: 0.6337 - disc_accuracy: 0.5000
2025-02-28 15:24:13,263 - ghi_forecasting - INFO - Adversarial Epoch 16, Step 80: gen_loss: 0.1151 - mse_loss: 0.0210 - adv_loss: 0.7147 - disc_accuracy: 0.5312
2025-02-28 15:25:47,015 - ghi_forecasting - INFO - Adversarial Epoch 16/30 - 370.93s - gen_loss: 0.1058 - disc_loss: 1.2887 - disc_accuracy: 0.6222 - val_mse: 0.4120 - val_mae: 0.4546
2025-02-28 15:25:49,888 - ghi_forecasting - INFO - Adversarial Epoch 17, Step 0: gen_loss: 0.1075 - mse_loss: 0.0162 - adv_loss: 0.6984 - disc_accuracy: 0.5938
2025-02-28 15:26:43,835 - ghi_forecasting - INFO - Adversarial Epoch 17, Step 20: gen_loss: 0.1040 - mse_loss: 0.0157 - adv_loss: 0.6820 - disc_accuracy: 0.5312
2025-02-28 15:28:04,560 - ghi_forecasting - INFO - Adversarial Epoch 17, Step 40: gen_loss: 0.1069 - mse_loss: 0.0193 - adv_loss: 0.6640 - disc_accuracy: 0.5625
2025-02-28 15:29:28,347 - ghi_forecasting - INFO - Adversarial Epoch 17, Step 60: gen_loss: 0.1050 - mse_loss: 0.0148 - adv_loss: 0.6683 - disc_accuracy: 0.5000
2025-02-28 15:31:34,203 - ghi_forecasting - INFO - Adversarial Epoch 17, Step 80: gen_loss: 0.1012 - mse_loss: 0.0152 - adv_loss: 0.6606 - disc_accuracy: 0.7500
2025-02-28 15:33:57,966 - ghi_forecasting - INFO - Adversarial Epoch 17/30 - 490.34s - gen_loss: 0.1054 - disc_loss: 1.2850 - disc_accuracy: 0.6157 - val_mse: 0.3974 - val_mae: 0.4653
2025-02-28 15:34:01,851 - ghi_forecasting - INFO - Adversarial Epoch 18, Step 0: gen_loss: 0.1012 - mse_loss: 0.0142 - adv_loss: 0.6398 - disc_accuracy: 0.5625
2025-02-28 15:35:06,999 - ghi_forecasting - INFO - Adversarial Epoch 18, Step 20: gen_loss: 0.1037 - mse_loss: 0.0137 - adv_loss: 0.6725 - disc_accuracy: 0.6562
2025-02-28 15:36:42,120 - ghi_forecasting - INFO - Adversarial Epoch 18, Step 40: gen_loss: 0.1148 - mse_loss: 0.0167 - adv_loss: 0.7735 - disc_accuracy: 0.6562
2025-02-28 15:38:05,538 - ghi_forecasting - INFO - Adversarial Epoch 18, Step 60: gen_loss: 0.1092 - mse_loss: 0.0157 - adv_loss: 0.6918 - disc_accuracy: 0.7188
2025-02-28 15:39:18,500 - ghi_forecasting - INFO - Adversarial Epoch 18, Step 80: gen_loss: 0.0999 - mse_loss: 0.0167 - adv_loss: 0.5884 - disc_accuracy: 0.5938
2025-02-28 15:40:49,233 - ghi_forecasting - INFO - Adversarial Epoch 18/30 - 410.43s - gen_loss: 0.1030 - disc_loss: 1.2852 - disc_accuracy: 0.6274 - val_mse: 0.3914 - val_mae: 0.4618
2025-02-28 15:40:52,157 - ghi_forecasting - INFO - Adversarial Epoch 19, Step 0: gen_loss: 0.1046 - mse_loss: 0.0154 - adv_loss: 0.6560 - disc_accuracy: 0.5312
2025-02-28 15:41:28,934 - ghi_forecasting - INFO - Adversarial Epoch 19, Step 20: gen_loss: 0.1074 - mse_loss: 0.0156 - adv_loss: 0.6783 - disc_accuracy: 0.6875
2025-02-28 15:42:15,697 - ghi_forecasting - INFO - Adversarial Epoch 19, Step 40: gen_loss: 0.1039 - mse_loss: 0.0154 - adv_loss: 0.6411 - disc_accuracy: 0.6562
2025-02-28 15:43:07,581 - ghi_forecasting - INFO - Adversarial Epoch 19, Step 60: gen_loss: 0.1130 - mse_loss: 0.0178 - adv_loss: 0.7203 - disc_accuracy: 0.6875
2025-02-28 15:43:59,437 - ghi_forecasting - INFO - Adversarial Epoch 19, Step 80: gen_loss: 0.1004 - mse_loss: 0.0148 - adv_loss: 0.6256 - disc_accuracy: 0.6250
2025-02-28 15:45:24,522 - ghi_forecasting - INFO - Adversarial Epoch 19/30 - 274.12s - gen_loss: 0.1024 - disc_loss: 1.2950 - disc_accuracy: 0.6152 - val_mse: 0.3963 - val_mae: 0.4378
2025-02-28 15:45:26,851 - ghi_forecasting - INFO - Adversarial Epoch 20, Step 0: gen_loss: 0.1096 - mse_loss: 0.0165 - adv_loss: 0.7327 - disc_accuracy: 0.7188
2025-02-28 15:46:03,183 - ghi_forecasting - INFO - Adversarial Epoch 20, Step 20: gen_loss: 0.0853 - mse_loss: 0.0081 - adv_loss: 0.6119 - disc_accuracy: 0.5312
2025-02-28 15:46:47,458 - ghi_forecasting - INFO - Adversarial Epoch 20, Step 40: gen_loss: 0.0994 - mse_loss: 0.0138 - adv_loss: 0.6623 - disc_accuracy: 0.6875
2025-02-28 15:47:35,191 - ghi_forecasting - INFO - Adversarial Epoch 20, Step 60: gen_loss: 0.1104 - mse_loss: 0.0110 - adv_loss: 0.8206 - disc_accuracy: 0.6250
2025-02-28 15:48:23,448 - ghi_forecasting - INFO - Adversarial Epoch 20, Step 80: gen_loss: 0.0968 - mse_loss: 0.0134 - adv_loss: 0.6370 - disc_accuracy: 0.5938
2025-02-28 15:49:45,066 - ghi_forecasting - INFO - Adversarial Epoch 20/30 - 259.98s - gen_loss: 0.1007 - disc_loss: 1.2876 - disc_accuracy: 0.6251 - val_mse: 0.3883 - val_mae: 0.4603
2025-02-28 15:49:47,724 - ghi_forecasting - INFO - Adversarial Epoch 21, Step 0: gen_loss: 0.1081 - mse_loss: 0.0163 - adv_loss: 0.6797 - disc_accuracy: 0.6875
2025-02-28 15:50:21,492 - ghi_forecasting - INFO - Adversarial Epoch 21, Step 20: gen_loss: 0.0999 - mse_loss: 0.0159 - adv_loss: 0.6217 - disc_accuracy: 0.5625
2025-02-28 15:51:03,146 - ghi_forecasting - INFO - Adversarial Epoch 21, Step 40: gen_loss: 0.1011 - mse_loss: 0.0161 - adv_loss: 0.6228 - disc_accuracy: 0.5312
2025-02-28 15:51:48,346 - ghi_forecasting - INFO - Adversarial Epoch 21, Step 60: gen_loss: 0.0975 - mse_loss: 0.0129 - adv_loss: 0.6481 - disc_accuracy: 0.6875
2025-02-28 15:52:33,782 - ghi_forecasting - INFO - Adversarial Epoch 21, Step 80: gen_loss: 0.0970 - mse_loss: 0.0191 - adv_loss: 0.5657 - disc_accuracy: 0.6250
2025-02-28 15:53:52,314 - ghi_forecasting - INFO - Adversarial Epoch 21/30 - 246.27s - gen_loss: 0.0996 - disc_loss: 1.2787 - disc_accuracy: 0.6303 - val_mse: 0.3834 - val_mae: 0.4608
2025-02-28 15:53:55,041 - ghi_forecasting - INFO - Adversarial Epoch 22, Step 0: gen_loss: 0.1068 - mse_loss: 0.0194 - adv_loss: 0.6168 - disc_accuracy: 0.6875
2025-02-28 15:54:26,661 - ghi_forecasting - INFO - Adversarial Epoch 22, Step 20: gen_loss: 0.0986 - mse_loss: 0.0152 - adv_loss: 0.6081 - disc_accuracy: 0.6250
2025-02-28 15:55:03,417 - ghi_forecasting - INFO - Adversarial Epoch 22, Step 40: gen_loss: 0.1099 - mse_loss: 0.0131 - adv_loss: 0.7854 - disc_accuracy: 0.6562
2025-02-28 15:55:45,640 - ghi_forecasting - INFO - Adversarial Epoch 22, Step 60: gen_loss: 0.0968 - mse_loss: 0.0115 - adv_loss: 0.6798 - disc_accuracy: 0.7500
2025-02-28 15:56:31,247 - ghi_forecasting - INFO - Adversarial Epoch 22, Step 80: gen_loss: 0.0972 - mse_loss: 0.0161 - adv_loss: 0.5891 - disc_accuracy: 0.5625
2025-02-28 15:57:43,759 - ghi_forecasting - INFO - Adversarial Epoch 22/30 - 230.42s - gen_loss: 0.0981 - disc_loss: 1.2859 - disc_accuracy: 0.6218 - val_mse: 0.3833 - val_mae: 0.4504
2025-02-28 15:57:46,238 - ghi_forecasting - INFO - Adversarial Epoch 23, Step 0: gen_loss: 0.1058 - mse_loss: 0.0188 - adv_loss: 0.6372 - disc_accuracy: 0.7500
2025-02-28 15:58:16,294 - ghi_forecasting - INFO - Adversarial Epoch 23, Step 20: gen_loss: 0.0982 - mse_loss: 0.0131 - adv_loss: 0.6618 - disc_accuracy: 0.4375
2025-02-28 15:58:52,013 - ghi_forecasting - INFO - Adversarial Epoch 23, Step 40: gen_loss: 0.0927 - mse_loss: 0.0140 - adv_loss: 0.5914 - disc_accuracy: 0.7188
2025-02-28 15:59:32,912 - ghi_forecasting - INFO - Adversarial Epoch 23, Step 60: gen_loss: 0.0910 - mse_loss: 0.0126 - adv_loss: 0.5988 - disc_accuracy: 0.6562
2025-02-28 16:00:17,975 - ghi_forecasting - INFO - Adversarial Epoch 23, Step 80: gen_loss: 0.0974 - mse_loss: 0.0114 - adv_loss: 0.6543 - disc_accuracy: 0.5312
2025-02-28 16:01:31,403 - ghi_forecasting - INFO - Adversarial Epoch 23/30 - 226.62s - gen_loss: 0.0981 - disc_loss: 1.2963 - disc_accuracy: 0.6053 - val_mse: 0.3949 - val_mae: 0.4349
2025-02-28 16:01:33,466 - ghi_forecasting - INFO - Adversarial Epoch 24, Step 0: gen_loss: 0.0905 - mse_loss: 0.0120 - adv_loss: 0.6097 - disc_accuracy: 0.5938
2025-02-28 16:02:03,878 - ghi_forecasting - INFO - Adversarial Epoch 24, Step 20: gen_loss: 0.0963 - mse_loss: 0.0124 - adv_loss: 0.6610 - disc_accuracy: 0.6250
2025-02-28 16:02:41,266 - ghi_forecasting - INFO - Adversarial Epoch 24, Step 40: gen_loss: 0.1073 - mse_loss: 0.0177 - adv_loss: 0.6478 - disc_accuracy: 0.5938
2025-02-28 16:03:23,384 - ghi_forecasting - INFO - Adversarial Epoch 24, Step 60: gen_loss: 0.0981 - mse_loss: 0.0102 - adv_loss: 0.7094 - disc_accuracy: 0.6250
2025-02-28 16:04:08,853 - ghi_forecasting - INFO - Adversarial Epoch 24, Step 80: gen_loss: 0.0970 - mse_loss: 0.0149 - adv_loss: 0.5907 - disc_accuracy: 0.6250
2025-02-28 16:05:20,499 - ghi_forecasting - INFO - Adversarial Epoch 24/30 - 228.60s - gen_loss: 0.0973 - disc_loss: 1.2953 - disc_accuracy: 0.6149 - val_mse: 0.3849 - val_mae: 0.4367
2025-02-28 16:05:22,539 - ghi_forecasting - INFO - Adversarial Epoch 25, Step 0: gen_loss: 0.0995 - mse_loss: 0.0131 - adv_loss: 0.6683 - disc_accuracy: 0.5000
2025-02-28 16:05:52,591 - ghi_forecasting - INFO - Adversarial Epoch 25, Step 20: gen_loss: 0.0980 - mse_loss: 0.0131 - adv_loss: 0.6402 - disc_accuracy: 0.7500
2025-02-28 16:06:29,013 - ghi_forecasting - INFO - Adversarial Epoch 25, Step 40: gen_loss: 0.1005 - mse_loss: 0.0174 - adv_loss: 0.6181 - disc_accuracy: 0.6250
2025-02-28 16:07:12,422 - ghi_forecasting - INFO - Adversarial Epoch 25, Step 60: gen_loss: 0.0953 - mse_loss: 0.0119 - adv_loss: 0.6605 - disc_accuracy: 0.5938
2025-02-28 16:07:57,852 - ghi_forecasting - INFO - Adversarial Epoch 25, Step 80: gen_loss: 0.1021 - mse_loss: 0.0120 - adv_loss: 0.7099 - disc_accuracy: 0.5625
2025-02-28 16:09:11,703 - ghi_forecasting - INFO - Adversarial Epoch 25/30 - 230.70s - gen_loss: 0.0965 - disc_loss: 1.2926 - disc_accuracy: 0.6214 - val_mse: 0.3864 - val_mae: 0.4424
2025-02-28 16:09:13,752 - ghi_forecasting - INFO - Adversarial Epoch 26, Step 0: gen_loss: 0.1035 - mse_loss: 0.0179 - adv_loss: 0.6278 - disc_accuracy: 0.6562
2025-02-28 16:09:43,844 - ghi_forecasting - INFO - Adversarial Epoch 26, Step 20: gen_loss: 0.0963 - mse_loss: 0.0154 - adv_loss: 0.5869 - disc_accuracy: 0.5625
2025-02-28 16:11:08,288 - ghi_forecasting - INFO - Adversarial Epoch 26, Step 40: gen_loss: 0.0908 - mse_loss: 0.0135 - adv_loss: 0.5498 - disc_accuracy: 0.7188
2025-02-28 16:11:59,660 - ghi_forecasting - INFO - Adversarial Epoch 26, Step 60: gen_loss: 0.1061 - mse_loss: 0.0115 - adv_loss: 0.7710 - disc_accuracy: 0.7500
2025-02-28 16:12:41,154 - ghi_forecasting - INFO - Adversarial Epoch 26, Step 80: gen_loss: 0.0963 - mse_loss: 0.0137 - adv_loss: 0.6089 - disc_accuracy: 0.5312
2025-02-28 16:13:49,348 - ghi_forecasting - INFO - Adversarial Epoch 26/30 - 277.12s - gen_loss: 0.0953 - disc_loss: 1.2979 - disc_accuracy: 0.6145 - val_mse: 0.3790 - val_mae: 0.4272
2025-02-28 16:13:51,724 - ghi_forecasting - INFO - Adversarial Epoch 27, Step 0: gen_loss: 0.0990 - mse_loss: 0.0142 - adv_loss: 0.6649 - disc_accuracy: 0.5938
2025-02-28 16:14:20,678 - ghi_forecasting - INFO - Adversarial Epoch 27, Step 20: gen_loss: 0.0954 - mse_loss: 0.0153 - adv_loss: 0.6021 - disc_accuracy: 0.6250
2025-02-28 16:14:56,281 - ghi_forecasting - INFO - Adversarial Epoch 27, Step 40: gen_loss: 0.0859 - mse_loss: 0.0095 - adv_loss: 0.6066 - disc_accuracy: 0.5625
2025-02-28 16:15:36,292 - ghi_forecasting - INFO - Adversarial Epoch 27, Step 60: gen_loss: 0.0935 - mse_loss: 0.0142 - adv_loss: 0.5992 - disc_accuracy: 0.7500
2025-02-28 16:16:20,495 - ghi_forecasting - INFO - Adversarial Epoch 27, Step 80: gen_loss: 0.0989 - mse_loss: 0.0176 - adv_loss: 0.5916 - disc_accuracy: 0.5938
2025-02-28 16:17:33,534 - ghi_forecasting - INFO - Adversarial Epoch 27/30 - 223.21s - gen_loss: 0.0940 - disc_loss: 1.2950 - disc_accuracy: 0.6198 - val_mse: 0.3760 - val_mae: 0.4244
2025-02-28 16:17:35,975 - ghi_forecasting - INFO - Adversarial Epoch 28, Step 0: gen_loss: 0.0910 - mse_loss: 0.0103 - adv_loss: 0.6426 - disc_accuracy: 0.7500
2025-02-28 16:18:05,824 - ghi_forecasting - INFO - Adversarial Epoch 28, Step 20: gen_loss: 0.0896 - mse_loss: 0.0121 - adv_loss: 0.5836 - disc_accuracy: 0.6875
2025-02-28 16:18:41,027 - ghi_forecasting - INFO - Adversarial Epoch 28, Step 40: gen_loss: 0.1004 - mse_loss: 0.0129 - adv_loss: 0.6923 - disc_accuracy: 0.7188
2025-02-28 16:19:21,100 - ghi_forecasting - INFO - Adversarial Epoch 28, Step 60: gen_loss: 0.0954 - mse_loss: 0.0159 - adv_loss: 0.5875 - disc_accuracy: 0.6875
2025-02-28 16:20:05,579 - ghi_forecasting - INFO - Adversarial Epoch 28, Step 80: gen_loss: 0.1023 - mse_loss: 0.0158 - adv_loss: 0.6353 - disc_accuracy: 0.5625
2025-02-28 16:21:18,606 - ghi_forecasting - INFO - Adversarial Epoch 28/30 - 224.13s - gen_loss: 0.0933 - disc_loss: 1.2948 - disc_accuracy: 0.6119 - val_mse: 0.3730 - val_mae: 0.4393
2025-02-28 16:21:21,118 - ghi_forecasting - INFO - Adversarial Epoch 29, Step 0: gen_loss: 0.0959 - mse_loss: 0.0122 - adv_loss: 0.6461 - disc_accuracy: 0.5625
2025-02-28 16:21:51,860 - ghi_forecasting - INFO - Adversarial Epoch 29, Step 20: gen_loss: 0.0883 - mse_loss: 0.0092 - adv_loss: 0.6332 - disc_accuracy: 0.5938
2025-02-28 16:22:28,992 - ghi_forecasting - INFO - Adversarial Epoch 29, Step 40: gen_loss: 0.0889 - mse_loss: 0.0121 - adv_loss: 0.5872 - disc_accuracy: 0.5938
2025-02-28 16:23:11,796 - ghi_forecasting - INFO - Adversarial Epoch 29, Step 60: gen_loss: 0.0909 - mse_loss: 0.0127 - adv_loss: 0.5806 - disc_accuracy: 0.6875
2025-02-28 16:23:56,117 - ghi_forecasting - INFO - Adversarial Epoch 29, Step 80: gen_loss: 0.1024 - mse_loss: 0.0150 - adv_loss: 0.6487 - disc_accuracy: 0.7188
2025-02-28 16:25:09,315 - ghi_forecasting - INFO - Adversarial Epoch 29/30 - 229.73s - gen_loss: 0.0923 - disc_loss: 1.2988 - disc_accuracy: 0.6103 - val_mse: 0.3716 - val_mae: 0.4277
2025-02-28 16:25:11,836 - ghi_forecasting - INFO - Adversarial Epoch 30, Step 0: gen_loss: 0.0940 - mse_loss: 0.0153 - adv_loss: 0.5953 - disc_accuracy: 0.5938
2025-02-28 16:25:41,484 - ghi_forecasting - INFO - Adversarial Epoch 30, Step 20: gen_loss: 0.0869 - mse_loss: 0.0137 - adv_loss: 0.5355 - disc_accuracy: 0.4688
2025-02-28 16:26:17,029 - ghi_forecasting - INFO - Adversarial Epoch 30, Step 40: gen_loss: 0.0881 - mse_loss: 0.0157 - adv_loss: 0.5225 - disc_accuracy: 0.7500
2025-02-28 16:26:58,760 - ghi_forecasting - INFO - Adversarial Epoch 30, Step 60: gen_loss: 0.0924 - mse_loss: 0.0127 - adv_loss: 0.6099 - disc_accuracy: 0.4688
2025-02-28 16:27:42,845 - ghi_forecasting - INFO - Adversarial Epoch 30, Step 80: gen_loss: 0.0907 - mse_loss: 0.0110 - adv_loss: 0.6284 - disc_accuracy: 0.6875
2025-02-28 16:28:58,610 - ghi_forecasting - INFO - Adversarial Epoch 30/30 - 228.31s - gen_loss: 0.0919 - disc_loss: 1.2983 - disc_accuracy: 0.6150 - val_mse: 0.3714 - val_mae: 0.4460
2025-02-28 16:28:59,611 - ghi_forecasting - INFO - Training completed with improved curriculum strategy
2025-02-28 16:29:00,474 - ghi_ast_main - INFO - Evaluating on test set
2025-02-28 16:29:34,378 - ghi_ast_main - INFO - Test metrics: {'mae': 0.26550996, 'mse': 0.1332417, 'rmse': 0.36502287, 'day_mae': 0, 'day_rmse': 0, 'mape': 0, 'smape': 0, 'hsi_short': 0, 'hsi_medium': 0, 'hsi_long': 0}
2025-02-28 16:29:34,379 - ghi_ast_main - INFO - Creating visualizations
2025-02-28 16:29:39,123 - ghi_ast_main - INFO - Creating enhanced thesis visualizations
2025-02-28 16:30:16,913 - ghi_ast_main - INFO - Training workflow completed successfully
2025-02-28 16:30:18,363 - ghi_ast_main - INFO - Application completed successfully in 4:16:04.573912
